<?xml version="1.0" encoding="UTF-8"?>
<testsuite xmlns:xsi="http://www.w3.org/2001/XMLSchema-instance" xsi:noNamespaceSchemaLocation="https://maven.apache.org/surefire/maven-surefire-plugin/xsd/surefire-test-report.xsd" name="TestPayment" time="0.046" tests="7" errors="0" skipped="0" failures="0">
  <properties>
[...]
</properties>
  <testcase name="getAllAmount" classname="TestPayment" time="0.004"/>
  <testcase name="getAllPayments_COMMUNAL_PAYMENTS" classname="TestPayment" time="0"/>
  <testcase name="getHowManyPayments_COMMUNAL_PAYMENTS" classname="TestPayment" time="0"/>
  <testcase name="getHowManyPayment" classname="TestPayment" time="0"/>
  <testcase name="getAllPayment" classname="TestPayment" time="0"/>
  <testcase name="getAllAmount_COMMUNAL_PAYMENTS" classname="TestPayment" time="0"/>
  <testcase name="getAllUsers_NO_NULL" classname="TestPayment" time="0"/>
</testsuite>